<?xml version="1.0" encoding="UTF-8"?>
<!-- Generated by org.testng.reporters.JUnitReportReporter -->
<testsuite hostname="DIT-Prafull" name="multiBrowsers.RunMultiBrowsers" tests="2" failures="0" timestamp="10 Mar 2017 15:34:59 GMT" time="11.496" errors="0">
  <testcase name="testVerifyLoginLink" time="0.329" classname="multiBrowsers.RunMultiBrowsers"/>
  <testcase name="testClickOnStartNowButton" time="11.167" classname="multiBrowsers.RunMultiBrowsers"/>
</testsuite> <!-- multiBrowsers.RunMultiBrowsers -->
