<?xml version="1.0" encoding="UTF-8"?>
<!-- Generated by org.testng.reporters.JUnitReportReporter -->
<testsuite hostname="DIT-Prafull" name="login.Login" tests="7" failures="0" timestamp="10 Mar 2017 15:34:59 GMT" time="59.716" errors="0">
  <testcase name="testVerifyChallengeQuestionHeading" time="0.671" classname="login.Login"/>
  <testcase name="testEnterValuesInEmailTextBox" time="0.909" classname="login.Login"/>
  <testcase name="testVerifyTextBoxHeader" time="0.727" classname="login.Login"/>
  <testcase name="testSendvaluesToQuestions" time="2.670" classname="login.Login"/>
  <testcase name="testVerifySignUpText" time="0.648" classname="login.Login"/>
  <testcase name="testClickOnSignInButton" time="6.441" classname="login.Login"/>
  <testcase name="testClickOnSigninButtonForLogin" time="47.650" classname="login.Login"/>
</testsuite> <!-- login.Login -->
