<?xml version="1.0" encoding="UTF-8"?>
<!-- Generated by org.testng.reporters.JUnitReportReporter -->
<testsuite hostname="DIT-Prafull" name="TestCases.OpenBrower" tests="1" failures="0" timestamp="30 Oct 2017 06:54:41 GMT" time="0.735" errors="0">
  <testcase name="testLogin" time="0.735" classname="TestCases.OpenBrower"/>
</testsuite> <!-- TestCases.OpenBrower -->
